<?xml version="1.0" encoding="UTF-8"?>
<testsuite name="com.example.project.TestUser" tests="2" skipped="0" failures="0" errors="0" timestamp="2025-01-13T15:45:12" hostname="codespaces-d2d384" time="0.085">
  <properties/>
  <testcase name="testUserConstructor()" classname="com.example.project.TestUser" time="0.073"/>
  <testcase name="testUserInfo()" classname="com.example.project.TestUser" time="0.001"/>
  <system-out><![CDATA[]]></system-out>
  <system-err><![CDATA[]]></system-err>
</testsuite>
