<?xml version="1.0" encoding="UTF-8"?>
<testsuite name="com.example.project.TestBook" tests="3" skipped="0" failures="0" errors="0" timestamp="2025-01-13T15:45:12" hostname="codespaces-d2d384" time="0.048">
  <properties/>
  <testcase name="testBookInfo()" classname="com.example.project.TestBook" time="0.031"/>
  <testcase name="testBookConstructor()" classname="com.example.project.TestBook" time="0.011"/>
  <testcase name="testSetters()" classname="com.example.project.TestBook" time="0.002"/>
  <system-out><![CDATA[]]></system-out>
  <system-err><![CDATA[]]></system-err>
</testsuite>
